[INFO|load_gstq_2024.py|main|L37] @ 2025-01-09 13:02:57,550: <class 'pandas.core.frame.DataFrame'>
RangeIndex: 7916 entries, 0 to 7915
Data columns (total 47 columns):
 #   Column                    Non-Null Count  Dtype  
---  ------                    --------------  -----  
 0   business_name             7916 non-null   object 
 1   license_number            7916 non-null   object 
 2   contact_name              7916 non-null   object 
 3   license_type              7916 non-null   object 
 4   profile_link              7916 non-null   object 
 5   referral_status_note      0 non-null      float64
 6   phone                     7905 non-null   object 
 7   email                     4142 non-null   object 
 8   address                   7916 non-null   object 
 9   city                      7915 non-null   object 
 10  state                     7916 non-null   object 
 11  zip_code                  7916 non-null   int64  
 12  county                    7916 non-null   object 
 13  region                    7916 non-null   object 
 14  isd_or_esa                7914 non-null   object 
 15  website                   2185 non-null   object 
 16  licensed_registered_date  7902 non-null   object 
 17  accepts_ages_from         7916 non-null   object 
 18  accepts_ages_to           7916 non-null   object 
 19  licensed_ages_from        7916 non-null   object 
 20  licensed_ages_to          7916 non-null   object 
 21  capacity                  7916 non-null   int64  
 22  accreditation             45 non-null     object 
 23  full_time                 7916 non-null   bool   
 24  part_time                 7916 non-null   bool   
 25  dropin_hourly             7916 non-null   bool   
 26  before_school             7916 non-null   bool   
 27  after_school              7916 non-null   bool   
 28  evening                   7916 non-null   bool   
 29  overnight                 7916 non-null   bool   
 30  all_hours                 7916 non-null   bool   
 31  weekend                   7916 non-null   bool   
 32  cdc_scholarships          7916 non-null   bool   
 33  quality_level             7916 non-null   object 
 34  Publish Level Date        7892 non-null   object 
 35  Level Expiration Date     3645 non-null   object 
 36  cooperative               7916 non-null   object 
 37  faith_based               7916 non-null   object 
 38  montessori                7916 non-null   object 
 39  reggio_inspired           7916 non-null   object 
 40  preschool                 7916 non-null   object 
 41  strong_beginnings         7916 non-null   object 
 42  gsrp                      7916 non-null   object 
 43  early_head_start          7916 non-null   object 
 44  head_start                7916 non-null   object 
 45  school_age                7916 non-null   object 
 46  nature_based              7916 non-null   object 
dtypes: bool(10), float64(1), int64(2), object(34)
memory usage: 2.3+ MB

[INFO|load_gstq_2024.py|main|L35] @ 2025-01-09 13:11:12,790: gsrp
No     6407
Yes    1509
Name: count, dtype: int64
[INFO|load_gstq_2024.py|main|L45] @ 2025-01-09 15:08:50,437: Index(['business_name', 'license_number', 'contact_name', 'license_type',
       'profile_link', 'referral_status_note', 'phone', 'email', 'address',
       'city', 'state', 'zip_code', 'county', 'region', 'isd_or_esa',
       'website', 'licensed_registered_date', 'accepts_ages_from',
       'accepts_ages_to', 'licensed_ages_from', 'licensed_ages_to', 'capacity',
       'accreditation', 'full_time', 'part_time', 'dropin_hourly',
       'before_school', 'after_school', 'evening', 'overnight', 'all_hours',
       'weekend', 'cdc_scholarships', 'quality_level', 'Publish Level Date ',
       'Level Expiration Date ', 'cooperative', 'faith_based', 'montessori',
       'reggio_inspired', 'preschool', 'strong_beginnings', 'gsrp',
       'early_head_start', 'head_start', 'school_age', 'nature_based'],
      dtype='object')
[INFO|load_gstq_2024.py|main|L46] @ 2025-01-09 15:10:41,932: Index(['business_name', 'license_number', 'contact_name', 'license_type',
       'profile_link', 'referral_status_note', 'phone', 'email', 'address',
       'city', 'state', 'zip_code', 'county', 'region', 'isd_or_esa',
       'website', 'licensed_registered_date', 'accepts_ages_from',
       'accepts_ages_to', 'licensed_ages_from', 'licensed_ages_to', 'capacity',
       'accreditation', 'full_time', 'part_time', 'dropin_hourly',
       'before_school', 'after_school', 'evening', 'overnight', 'all_hours',
       'weekend', 'cdc_scholarships', 'quality_level', 'publish_level_date',
       'level_expiration_date', 'cooperative', 'faith_based', 'montessori',
       'reggio_inspired', 'preschool', 'strong_beginnings', 'gsrp',
       'early_head_start', 'head_start', 'school_age', 'nature_based'],
      dtype='object')
[INFO|load_gstq_2024.py|main|L46] @ 2025-01-09 15:11:44,317: Index(['business_name', 'license_number', 'contact_name', 'license_type',
       'profile_link', 'referral_status_note', 'phone', 'email', 'address',
       'city', 'state', 'zip_code', 'county', 'region', 'isd_or_esa',
       'website', 'licensed_registered_date', 'accepts_ages_from',
       'accepts_ages_to', 'licensed_ages_from', 'licensed_ages_to', 'capacity',
       'accreditation', 'full_time', 'part_time', 'dropin_hourly',
       'before_school', 'after_school', 'evening', 'overnight', 'all_hours',
       'weekend', 'cdc_scholarships', 'quality_level', 'publish_level_date',
       'level_expiration_date', 'cooperative', 'faith_based', 'montessori',
       'reggio_inspired', 'preschool', 'strong_beginnings', 'early_head_start',
       'head_start', 'school_age', 'nature_based', 'gsrp'],
      dtype='object')
[INFO|load_gstq_2024.py|main|L62] @ 2025-01-09 15:15:08,647: gsrp
False    6407
True     1509
Name: count, dtype: int64
[INFO|load_gstq_2024.py|main|L62] @ 2025-01-09 15:15:08,647: cooperative
No     7901
Yes      15
Name: count, dtype: int64
[INFO|load_gstq_2024.py|main|L62] @ 2025-01-09 15:15:08,647: faith_based
No     7429
Yes     487
Name: count, dtype: int64
[INFO|load_gstq_2024.py|main|L62] @ 2025-01-09 15:15:08,659: montessori
No     7732
Yes     184
Name: count, dtype: int64
[INFO|load_gstq_2024.py|main|L62] @ 2025-01-09 15:15:08,661: reggio_inspired
No     7809
Yes     107
Name: count, dtype: int64
[INFO|load_gstq_2024.py|main|L62] @ 2025-01-09 15:15:08,664: preschool
No     5175
Yes    2741
Name: count, dtype: int64
[INFO|load_gstq_2024.py|main|L62] @ 2025-01-09 15:15:08,664: strong_beginnings
No     7889
Yes      27
Name: count, dtype: int64
[INFO|load_gstq_2024.py|main|L62] @ 2025-01-09 15:15:08,664: gsrp
False    6407
True     1509
Name: count, dtype: int64
[INFO|load_gstq_2024.py|main|L62] @ 2025-01-09 15:15:08,664: early_head_start
No     7711
Yes     205
Name: count, dtype: int64
[INFO|load_gstq_2024.py|main|L62] @ 2025-01-09 15:15:08,664: head_start
No     7444
Yes     472
Name: count, dtype: int64
[INFO|load_gstq_2024.py|main|L62] @ 2025-01-09 15:15:08,664: school_age
No     7371
Yes     545
Name: count, dtype: int64
[INFO|load_gstq_2024.py|main|L62] @ 2025-01-09 15:15:08,677: nature_based
No     7900
Yes      16
Name: count, dtype: int64
[INFO|load_gstq_2024.py|main|L59] @ 2025-01-09 15:18:57,738: cooperative
False    7900
True       16
Name: count, dtype: int64
[INFO|load_gstq_2024.py|main|L59] @ 2025-01-09 15:18:57,738: faith_based
False    7900
True       16
Name: count, dtype: int64
[INFO|load_gstq_2024.py|main|L59] @ 2025-01-09 15:18:57,738: montessori
False    7900
True       16
Name: count, dtype: int64
[INFO|load_gstq_2024.py|main|L59] @ 2025-01-09 15:18:57,738: reggio_inspired
False    7900
True       16
Name: count, dtype: int64
[INFO|load_gstq_2024.py|main|L59] @ 2025-01-09 15:18:57,748: preschool
False    7900
True       16
Name: count, dtype: int64
[INFO|load_gstq_2024.py|main|L59] @ 2025-01-09 15:18:57,749: strong_beginnings
False    7900
True       16
Name: count, dtype: int64
[INFO|load_gstq_2024.py|main|L59] @ 2025-01-09 15:18:57,752: gsrp
False    7900
True       16
Name: count, dtype: int64
[INFO|load_gstq_2024.py|main|L59] @ 2025-01-09 15:18:57,754: early_head_start
False    7900
True       16
Name: count, dtype: int64
[INFO|load_gstq_2024.py|main|L59] @ 2025-01-09 15:18:57,755: head_start
False    7900
True       16
Name: count, dtype: int64
[INFO|load_gstq_2024.py|main|L59] @ 2025-01-09 15:18:57,757: school_age
False    7900
True       16
Name: count, dtype: int64
[INFO|load_gstq_2024.py|main|L59] @ 2025-01-09 15:18:57,757: nature_based
False    7900
True       16
Name: count, dtype: int64
[INFO|load_gstq_2024.py|main|L58] @ 2025-01-09 15:19:52,165: __business_name                object
__license_number               object
__contact_name                 object
__license_type                 object
__profile_link                 object
__referral_status_note        float64
__phone                        object
__email                        object
__address                      object
__city                         object
__state                        object
__zip_code                      int64
__county                       object
__region                       object
__isd_or_esa                   object
__website                      object
__licensed_registered_date     object
__accepts_ages_from            object
__accepts_ages_to              object
__licensed_ages_from           object
__licensed_ages_to             object
__capacity                      int64
__accreditation                object
__full_time                      bool
__part_time                      bool
__dropin_hourly                  bool
__before_school                  bool
__after_school                   bool
__evening                        bool
__overnight                      bool
__all_hours                      bool
__weekend                        bool
__cdc_scholarships               bool
__quality_level                object
__publish_level_date           object
__level_expiration_date        object
cooperative                      bool
faith_based                      bool
montessori                       bool
reggio_inspired                  bool
preschool                        bool
strong_beginnings                bool
gsrp                             bool
early_head_start                 bool
head_start                       bool
school_age                       bool
nature_based                     bool
dtype: object
[INFO|load_gstq_2024.py|main|L58] @ 2025-01-09 15:21:41,048: business_name                object
license_number               object
contact_name                 object
license_type                 object
profile_link                 object
referral_status_note        float64
phone                        object
email                        object
address                      object
city                         object
state                        object
zip_code                      int64
county                       object
region                       object
isd_or_esa                   object
website                      object
licensed_registered_date     object
accepts_ages_from            object
accepts_ages_to              object
licensed_ages_from           object
licensed_ages_to             object
capacity                      int64
accreditation                object
full_time                      bool
part_time                      bool
dropin_hourly                  bool
before_school                  bool
after_school                   bool
evening                        bool
overnight                      bool
all_hours                      bool
weekend                        bool
cdc_scholarships               bool
quality_level                object
publish_level_date           object
level_expiration_date        object
cooperative                    bool
faith_based                    bool
montessori                     bool
reggio_inspired                bool
preschool                      bool
strong_beginnings              bool
gsrp                           bool
early_head_start               bool
head_start                     bool
school_age                     bool
nature_based                   bool
dtype: object
[INFO|load_gstq_2024.py|main|L58] @ 2025-01-09 15:22:23,698: quality_level
Maintaining Health & Safety            3750
Enhancing Quality                      2056
Enhancing Quality-Validated             838
Reflecting On Quality                   591
Demonstrating Quality                   568
Quality Level Currently Unavailable     113
Name: count, dtype: int64
[INFO|load_gstq_2024.py|main|L58] @ 2025-01-09 15:24:31,114: quality_level
Maintaining Health & Safety            3750
Enhancing Quality                      2056
Enhancing Quality-Validated             838
Reflecting On Quality                   591
Demonstrating Quality                   568
Quality Level Currently Unavailable     113
Name: count, dtype: int64
[INFO|load_gstq_2024.py|main|L61] @ 2025-01-09 15:24:31,114: Cleaning providers was successful validating schema.
[INFO|load_gstq_2024.py|main|L58] @ 2025-01-09 15:26:01,116: quality_level
Maintaining Health & Safety            3750
Enhancing Quality                      2056
Enhancing Quality-Validated             838
Reflecting On Quality                   591
Demonstrating Quality                   568
Quality Level Currently Unavailable     113
Name: count, dtype: int64
[INFO|load_gstq_2024.py|main|L61] @ 2025-01-09 15:26:01,116: Cleaning providers was successful validating schema.
[INFO|load_gstq_2024.py|main|L58] @ 2025-01-09 15:26:40,068: quality_level
Maintaining Health & Safety            3750
Enhancing Quality                      2056
Enhancing Quality-Validated             838
Reflecting On Quality                   591
Demonstrating Quality                   568
Quality Level Currently Unavailable     113
Name: count, dtype: int64
[INFO|load_gstq_2024.py|main|L61] @ 2025-01-09 15:26:40,083: Cleaning providers was successful validating schema.
[INFO|load_gstq_2024.py|main|L58] @ 2025-01-09 15:27:20,274: quality_level
Maintaining Health & Safety            3750
Enhancing Quality                      2056
Enhancing Quality-Validated             838
Reflecting On Quality                   591
Demonstrating Quality                   568
Quality Level Currently Unavailable     113
Name: count, dtype: int64
[INFO|load_gstq_2024.py|main|L61] @ 2025-01-09 15:27:20,274: Cleaning providers was successful validating schema.
[INFO|load_gstq_2024.py|main|L59] @ 2025-01-09 15:37:14,769: Cleaning providers was successful validating schema.
[INFO|load_gstq_2024.py|main|L59] @ 2025-01-09 15:38:08,797: Cleaning providers was successful validating schema.
[INFO|load_gstq_2024.py|main|L59] @ 2025-01-09 15:39:34,819:                      business_name license_number contact_name      license_type  ... early_head_start head_start school_age nature_based
3835  Kingsbury Country Day School    DC630391231               Licensed Centers  ...            False      False      False        False

[1 rows x 46 columns]
[INFO|load_gstq_2024.py|main|L61] @ 2025-01-09 15:39:34,913: Cleaning providers was successful validating schema.
[INFO|load_gstq_2024.py|main|L59] @ 2025-01-09 15:41:57,464: Cleaning providers was successful validating schema.
[INFO|load_gstq_2024.py|main|L59] @ 2025-01-09 15:42:47,331: Cleaning providers was successful validating schema.
[INFO|load_gstq_2024.py|main|L64] @ 2025-01-09 15:42:47,577: Validating providers was successful. Recording metadata.
[INFO|load_gstq_2024.py|main|L58] @ 2025-01-09 15:44:40,121: Cleaning providers was successful validating schema.
[INFO|load_gstq_2024.py|main|L63] @ 2025-01-09 15:44:40,349: Validating providers was successful. Recording metadata.
